[03:26:18] [info] HAZEL: Creating window Sandbox (1600, 900)
[03:26:19] [info] HAZEL: OpenGL Info:
[03:26:19] [info] HAZEL:   Vendor: NVIDIA Corporation
[03:26:19] [info] HAZEL:   Renderer: NVIDIA GeForce GTX 760/PCIe/SSE2
[03:26:19] [info] HAZEL:   Version: 4.6.0 NVIDIA 473.47
[03:26:19] [trace] HAZEL: OpenGLShader::Reflect - GL_VERTEX_SHADER assets/shaders/Renderer2D_Quad.glsl
[03:26:19] [trace] HAZEL:     1 uniform buffers
[03:26:19] [trace] HAZEL:     0 resources
[03:26:19] [trace] HAZEL: Uniform buffers:
[03:26:19] [trace] HAZEL:   _46_48
[03:26:19] [trace] HAZEL:     Size = 64
[03:26:19] [trace] HAZEL:     Binding = 0
[03:26:19] [trace] HAZEL:     Members = 1
[03:26:19] [trace] HAZEL: OpenGLShader::Reflect - GL_FRAGMENT_SHADER assets/shaders/Renderer2D_Quad.glsl
[03:26:19] [trace] HAZEL:     0 uniform buffers
[03:26:19] [trace] HAZEL:     1 resources
[03:26:19] [trace] HAZEL: Uniform buffers:
[03:26:20] [warning] HAZEL: Shader creation took 184.14421 ms
[03:26:20] [trace] HAZEL: OpenGLShader::Reflect - GL_VERTEX_SHADER assets/shaders/Renderer2D_Circle.glsl
[03:26:20] [trace] HAZEL:     1 uniform buffers
[03:26:20] [trace] HAZEL:     0 resources
[03:26:20] [trace] HAZEL: Uniform buffers:
[03:26:20] [trace] HAZEL:   _47_49
[03:26:20] [trace] HAZEL:     Size = 64
[03:26:20] [trace] HAZEL:     Binding = 0
[03:26:20] [trace] HAZEL:     Members = 1
[03:26:20] [trace] HAZEL: OpenGLShader::Reflect - GL_FRAGMENT_SHADER assets/shaders/Renderer2D_Circle.glsl
[03:26:20] [trace] HAZEL:     0 uniform buffers
[03:26:20] [trace] HAZEL:     0 resources
[03:26:20] [trace] HAZEL: Uniform buffers:
[03:26:20] [warning] HAZEL: Shader creation took 31.049303 ms
[03:26:20] [trace] HAZEL: OpenGLShader::Reflect - GL_VERTEX_SHADER assets/shaders/Renderer2D_Line.glsl
[03:26:20] [trace] HAZEL:     1 uniform buffers
[03:26:20] [trace] HAZEL:     0 resources
[03:26:20] [trace] HAZEL: Uniform buffers:
[03:26:20] [trace] HAZEL:   _30_32
[03:26:20] [trace] HAZEL:     Size = 64
[03:26:20] [trace] HAZEL:     Binding = 0
[03:26:20] [trace] HAZEL:     Members = 1
[03:26:20] [trace] HAZEL: OpenGLShader::Reflect - GL_FRAGMENT_SHADER assets/shaders/Renderer2D_Line.glsl
[03:26:20] [trace] HAZEL:     0 uniform buffers
[03:26:20] [trace] HAZEL:     0 resources
[03:26:20] [trace] HAZEL: Uniform buffers:
[03:26:20] [warning] HAZEL: Shader creation took 24.238903 ms
